{"numFailedTestSuites":0,"numFailedTests":0,"numPassedTestSuites":16,"numPassedTests":67,"numPendingTestSuites":0,"numPendingTests":0,"numRuntimeErrorTestSuites":0,"numTodoTests":0,"numTotalTestSuites":16,"numTotalTests":67,"openHandles":[],"snapshot":{"added":0,"didUpdate":false,"failure":false,"filesAdded":0,"filesRemoved":0,"filesRemovedList":[],"filesUnmatched":0,"filesUpdated":0,"matched":0,"total":0,"unchecked":0,"uncheckedKeysByFile":[],"unmatched":0,"updated":0},"startTime":1774245792537,"success":true,"testResults":[{"assertionResults":[{"ancestorTitles":["sbom attestation policy contract"],"duration":4,"failing":false,"failureDetails":[],"failureMessages":[],"fullName":"sbom attestation policy contract exports attestation generation/verification scripts and gate wiring","invocations":1,"location":null,"numPassingAsserts":3,"retryReasons":[],"startAt":1774245794185,"status":"passed","title":"exports attestation generation/verification scripts and gate wiring"},{"ancestorTitles":["sbom attestation policy contract"],"duration":10,"failing":false,"failureDetails":[],"failureMessages":[],"fullName":"sbom attestation policy contract attestation scripts expose signature controls and contract mode","invocations":1,"location":null,"numPassingAsserts":40,"retryReasons":[],"startAt":1774245794189,"status":"passed","title":"attestation scripts expose signature controls and contract mode"},{"ancestorTitles":["sbom attestation policy contract"],"duration":2,"failing":false,"failureDetails":[],"failureMessages":[],"fullName":"sbom attestation policy contract migration and publish workflows include SBOM attestation policy gates","invocations":1,"location":null,"numPassingAsserts":22,"retryReasons":[],"startAt":1774245794199,"status":"passed","title":"migration and publish workflows include SBOM attestation policy gates"},{"ancestorTitles":["sbom attestation policy contract"],"duration":193,"failing":false,"failureDetails":[],"failureMessages":[],"fullName":"sbom attestation policy contract attestation generator and verifier work in unsigned strict policy mode","invocations":1,"location":null,"numPassingAsserts":3,"retryReasons":[],"startAt":1774245794201,"status":"passed","title":"attestation generator and verifier work in unsigned strict policy mode"},{"ancestorTitles":["sbom attestation policy contract"],"duration":239,"failing":false,"failureDetails":[],"failureMessages":[],"fullName":"sbom attestation policy contract verifier enforces required provenance policy","invocations":1,"location":null,"numPassingAsserts":3,"retryReasons":[],"startAt":1774245794394,"status":"passed","title":"verifier enforces required provenance policy"},{"ancestorTitles":["sbom attestation policy contract"],"duration":219,"failing":false,"failureDetails":[],"failureMessages":[],"fullName":"sbom attestation policy contract verifier enforces immutable release metadata linkage","invocations":1,"location":null,"numPassingAsserts":3,"retryReasons":[],"startAt":1774245794633,"status":"passed","title":"verifier enforces immutable release metadata linkage"},{"ancestorTitles":["sbom attestation policy contract"],"duration":204,"failing":false,"failureDetails":[],"failureMessages":[],"fullName":"sbom attestation policy contract verifier auto-requires signature when a public key is configured","invocations":1,"location":null,"numPassingAsserts":3,"retryReasons":[],"startAt":1774245794852,"status":"passed","title":"verifier auto-requires signature when a public key is configured"},{"ancestorTitles":["sbom attestation policy contract"],"duration":232,"failing":false,"failureDetails":[],"failureMessages":[],"fullName":"sbom attestation policy contract signed attestation verifies when signing key pair is provided","invocations":1,"location":null,"numPassingAsserts":4,"retryReasons":[],"startAt":1774245795056,"status":"passed","title":"signed attestation verifies when signing key pair is provided"},{"ancestorTitles":["sbom attestation policy contract"],"duration":314,"failing":false,"failureDetails":[],"failureMessages":[],"fullName":"sbom attestation policy contract signed attestation rejects unspecified key-id by default policy","invocations":1,"location":null,"numPassingAsserts":3,"retryReasons":[],"startAt":1774245795289,"status":"passed","title":"signed attestation rejects unspecified key-id by default policy"},{"ancestorTitles":["sbom attestation policy contract"],"duration":386,"failing":false,"failureDetails":[],"failureMessages":[],"fullName":"sbom attestation policy contract signed attestation enforces key rotation allowlist and revocation policy","invocations":1,"location":null,"numPassingAsserts":5,"retryReasons":[],"startAt":1774245795603,"status":"passed","title":"signed attestation enforces key rotation allowlist and revocation policy"},{"ancestorTitles":["sbom attestation policy contract"],"duration":172,"failing":false,"failureDetails":[],"failureMessages":[],"fullName":"sbom attestation policy contract signed attestation rejects weak RSA keys under minimum key-strength policy","invocations":1,"location":null,"numPassingAsserts":3,"retryReasons":[],"startAt":1774245795989,"status":"passed","title":"signed attestation rejects weak RSA keys under minimum key-strength policy"},{"ancestorTitles":["sbom attestation policy contract"],"duration":470,"failing":false,"failureDetails":[],"failureMessages":[],"fullName":"sbom attestation policy contract signed attestation enforces keyring rotation overlap policy","invocations":1,"location":null,"numPassingAsserts":5,"retryReasons":[],"startAt":1774245796161,"status":"passed","title":"signed attestation enforces keyring rotation overlap policy"},{"ancestorTitles":["sbom attestation policy contract"],"duration":464,"failing":false,"failureDetails":[],"failureMessages":[],"fullName":"sbom attestation policy contract signed attestation enforces keyring schema/version pin policy","invocations":1,"location":null,"numPassingAsserts":3,"retryReasons":[],"startAt":1774245796631,"status":"passed","title":"signed attestation enforces keyring schema/version pin policy"},{"ancestorTitles":["sbom attestation policy contract"],"duration":620,"failing":false,"failureDetails":[],"failureMessages":[],"fullName":"sbom attestation policy contract signed attestation enforces transparency log inclusion proof","invocations":1,"location":null,"numPassingAsserts":4,"retryReasons":[],"startAt":1774245797095,"status":"passed","title":"signed attestation enforces transparency log inclusion proof"},{"ancestorTitles":["sbom attestation policy contract"],"duration":352,"failing":false,"failureDetails":[],"failureMessages":[],"fullName":"sbom attestation policy contract signed attestation rejects tampered transparency inclusion entry","invocations":1,"location":null,"numPassingAsserts":4,"retryReasons":[],"startAt":1774245797715,"status":"passed","title":"signed attestation rejects tampered transparency inclusion entry"}],"endTime":1774245798069,"message":"","name":"E:\\Knowledge_project\\NoteConnection_app\\src\\sbom.attestation.policy.contract.test.ts","startTime":1774245792600,"status":"passed","summary":""},{"assertionResults":[{"ancestorTitles":["dual mobile pipeline configuration"],"duration":2,"failing":false,"failureDetails":[],"failureMessages":[],"fullName":"dual mobile pipeline configuration keeps Capacitor and Tauri Android npm scripts together","invocations":1,"location":null,"numPassingAsserts":17,"retryReasons":[],"startAt":1774245798153,"status":"passed","title":"keeps Capacitor and Tauri Android npm scripts together"},{"ancestorTitles":["dual mobile pipeline configuration"],"duration":1,"failing":false,"failureDetails":[],"failureMessages":[],"fullName":"dual mobile pipeline configuration defaults tauri android build/dev to arm64 target with override support","invocations":1,"location":null,"numPassingAsserts":4,"retryReasons":[],"startAt":1774245798156,"status":"passed","title":"defaults tauri android build/dev to arm64 target with override support"},{"ancestorTitles":["dual mobile pipeline configuration"],"duration":3,"failing":false,"failureDetails":[],"failureMessages":[],"fullName":"dual mobile pipeline configuration uses dist/src/frontend as the authoritative mobile web asset directory","invocations":1,"location":null,"numPassingAsserts":11,"retryReasons":[],"startAt":1774245798157,"status":"passed","title":"uses dist/src/frontend as the authoritative mobile web asset directory"},{"ancestorTitles":["dual mobile pipeline configuration"],"duration":1,"failing":false,"failureDetails":[],"failureMessages":[],"fullName":"dual mobile pipeline configuration aligns generated Capacitor compile options to active JDK with a Java 21+ floor","invocations":1,"location":null,"numPassingAsserts":5,"retryReasons":[],"startAt":1774245798160,"status":"passed","title":"aligns generated Capacitor compile options to active JDK with a Java 21+ floor"},{"ancestorTitles":["dual mobile pipeline configuration"],"duration":4,"failing":false,"failureDetails":[],"failureMessages":[],"fullName":"dual mobile pipeline configuration uses a non-example Android app id consistently across Capacitor and native Android config","invocations":1,"location":null,"numPassingAsserts":8,"retryReasons":[],"startAt":1774245798161,"status":"passed","title":"uses a non-example Android app id consistently across Capacitor and native Android config"},{"ancestorTitles":["dual mobile pipeline configuration"],"duration":1,"failing":false,"failureDetails":[],"failureMessages":[],"fullName":"dual mobile pipeline configuration retains required dependencies for both mobile pipelines","invocations":1,"location":null,"numPassingAsserts":5,"retryReasons":[],"startAt":1774245798165,"status":"passed","title":"retains required dependencies for both mobile pipelines"},{"ancestorTitles":["dual mobile pipeline configuration"],"duration":2,"failing":false,"failureDetails":[],"failureMessages":[],"fullName":"dual mobile pipeline configuration keeps capacitor device acceptance scripts aligned with shared ADB diagnostics","invocations":1,"location":null,"numPassingAsserts":18,"retryReasons":[],"startAt":1774245798166,"status":"passed","title":"keeps capacitor device acceptance scripts aligned with shared ADB diagnostics"},{"ancestorTitles":["dual mobile pipeline configuration"],"duration":1,"failing":false,"failureDetails":[],"failureMessages":[],"fullName":"dual mobile pipeline configuration declares Android storage permissions required by filesystem runtime paths","invocations":1,"location":null,"numPassingAsserts":6,"retryReasons":[],"startAt":1774245798168,"status":"passed","title":"declares Android storage permissions required by filesystem runtime paths"},{"ancestorTitles":["dual mobile pipeline configuration"],"duration":0,"failing":false,"failureDetails":[],"failureMessages":[],"fullName":"dual mobile pipeline configuration keeps both server and godot sidecars registered for tauri bundles","invocations":1,"location":null,"numPassingAsserts":2,"retryReasons":[],"startAt":1774245798170,"status":"passed","title":"keeps both server and godot sidecars registered for tauri bundles"}],"endTime":1774245798171,"message":"","name":"E:\\Knowledge_project\\NoteConnection_app\\src\\mobile.pipeline.test.ts","startTime":1774245798084,"status":"passed","summary":""},{"assertionResults":[{"ancestorTitles":["server ephemeral port fallback policy contract"],"duration":2320,"failing":false,"failureDetails":[],"failureMessages":[],"fullName":"server ephemeral port fallback policy contract fails fast on EADDRINUSE when ephemeral fallback is not explicitly enabled","invocations":1,"location":null,"numPassingAsserts":3,"retryReasons":[],"startAt":1774245798263,"status":"passed","title":"fails fast on EADDRINUSE when ephemeral fallback is not explicitly enabled"},{"ancestorTitles":["server ephemeral port fallback policy contract"],"duration":45,"failing":false,"failureDetails":[],"failureMessages":[],"fullName":"server ephemeral port fallback policy contract uses ephemeral fallback only when NOTE_CONNECTION_ALLOW_EPHEMERAL_PORT_FALLBACK=1","invocations":1,"location":null,"numPassingAsserts":2,"retryReasons":[],"startAt":1774245800584,"status":"passed","title":"uses ephemeral fallback only when NOTE_CONNECTION_ALLOW_EPHEMERAL_PORT_FALLBACK=1"}],"endTime":1774245800631,"message":"","name":"E:\\Knowledge_project\\NoteConnection_app\\src\\server.port.fallback.contract.test.ts","startTime":1774245798180,"status":"passed","summary":""},{"assertionResults":[{"ancestorTitles":["pathbridge strict schema policy contract"],"duration":2,"failing":false,"failureDetails":[],"failureMessages":[],"fullName":"pathbridge strict schema policy contract exports strict pathbridge verifier npm script and wires gate pipeline","invocations":1,"location":null,"numPassingAsserts":2,"retryReasons":[],"startAt":1774245800749,"status":"passed","title":"exports strict pathbridge verifier npm script and wires gate pipeline"},{"ancestorTitles":["pathbridge strict schema policy contract"],"duration":2,"failing":false,"failureDetails":[],"failureMessages":[],"fullName":"pathbridge strict schema policy contract strict verifier script enforces strict schema toggles and validates envelope behavior","invocations":1,"location":null,"numPassingAsserts":6,"retryReasons":[],"startAt":1774245800751,"status":"passed","title":"strict verifier script enforces strict schema toggles and validates envelope behavior"},{"ancestorTitles":["pathbridge strict schema policy contract"],"duration":1,"failing":false,"failureDetails":[],"failureMessages":[],"fullName":"pathbridge strict schema policy contract migration workflow provisions dedicated strict pathbridge schema suite","invocations":1,"location":null,"numPassingAsserts":2,"retryReasons":[],"startAt":1774245800753,"status":"passed","title":"migration workflow provisions dedicated strict pathbridge schema suite"},{"ancestorTitles":["pathbridge strict schema policy contract"],"duration":466,"failing":false,"failureDetails":[],"failureMessages":[],"fullName":"pathbridge strict schema policy contract strict verifier script passes in repository runtime","invocations":1,"location":null,"numPassingAsserts":2,"retryReasons":[],"startAt":1774245800754,"status":"passed","title":"strict verifier script passes in repository runtime"}],"endTime":1774245801221,"message":"","name":"E:\\Knowledge_project\\NoteConnection_app\\src\\pathbridge.strict.policy.contract.test.ts","startTime":1774245800686,"status":"passed","summary":""},{"assertionResults":[{"ancestorTitles":["tauri runner and android prereq contracts"],"duration":1,"failing":false,"failureDetails":[],"failureMessages":[],"fullName":"tauri runner and android prereq contracts routes test:tauri through the resilient runner script","invocations":1,"location":null,"numPassingAsserts":1,"retryReasons":[],"startAt":1774245801298,"status":"passed","title":"routes test:tauri through the resilient runner script"},{"ancestorTitles":["tauri runner and android prereq contracts"],"duration":2,"failing":false,"failureDetails":[],"failureMessages":[],"fullName":"tauri runner and android prereq contracts tauri runner enforces low-memory cargo defaults with strict CI behavior","invocations":1,"location":null,"numPassingAsserts":12,"retryReasons":[],"startAt":1774245801299,"status":"passed","title":"tauri runner enforces low-memory cargo defaults with strict CI behavior"},{"ancestorTitles":["tauri runner and android prereq contracts"],"duration":1,"failing":false,"failureDetails":[],"failureMessages":[],"fullName":"tauri runner and android prereq contracts android prereq verifier enforces Java 21+ toolchain availability before SDK checks","invocations":1,"location":null,"numPassingAsserts":9,"retryReasons":[],"startAt":1774245801301,"status":"passed","title":"android prereq verifier enforces Java 21+ toolchain availability before SDK checks"}],"endTime":1774245801303,"message":"","name":"E:\\Knowledge_project\\NoteConnection_app\\src\\tauri.test.runner.contract.test.ts","startTime":1774245801229,"status":"passed","summary":""},{"assertionResults":[{"ancestorTitles":["capacitor evidence verifier contracts"],"duration":17,"failing":false,"failureDetails":[],"failureMessages":[],"fullName":"capacitor evidence verifier contracts accepts fresh evidence manifest when strict manual checklist is disabled","invocations":1,"location":null,"numPassingAsserts":2,"retryReasons":[],"startAt":1774245801381,"status":"passed","title":"accepts fresh evidence manifest when strict manual checklist is disabled"},{"ancestorTitles":["capacitor evidence verifier contracts"],"duration":14,"failing":false,"failureDetails":[],"failureMessages":[],"fullName":"capacitor evidence verifier contracts fails when strict manual checklist is enabled and manual checks are not complete","invocations":1,"location":null,"numPassingAsserts":2,"retryReasons":[],"startAt":1774245801399,"status":"passed","title":"fails when strict manual checklist is enabled and manual checks are not complete"},{"ancestorTitles":["capacitor evidence verifier contracts"],"duration":13,"failing":false,"failureDetails":[],"failureMessages":[],"fullName":"capacitor evidence verifier contracts fails stale evidence beyond allowed age and can resolve manifest by directory scan","invocations":1,"location":null,"numPassingAsserts":3,"retryReasons":[],"startAt":1774245801414,"status":"passed","title":"fails stale evidence beyond allowed age and can resolve manifest by directory scan"},{"ancestorTitles":["capacitor evidence verifier contracts"],"duration":14,"failing":false,"failureDetails":[],"failureMessages":[],"fullName":"capacitor evidence verifier contracts fails strict large-graph evidence mode when workload thresholds are not met","invocations":1,"location":null,"numPassingAsserts":3,"retryReasons":[],"startAt":1774245801428,"status":"passed","title":"fails strict large-graph evidence mode when workload thresholds are not met"},{"ancestorTitles":["capacitor evidence verifier contracts"],"duration":13,"failing":false,"failureDetails":[],"failureMessages":[],"fullName":"capacitor evidence verifier contracts passes strict large-graph evidence mode when workload thresholds and checklist are satisfied","invocations":1,"location":null,"numPassingAsserts":1,"retryReasons":[],"startAt":1774245801442,"status":"passed","title":"passes strict large-graph evidence mode when workload thresholds and checklist are satisfied"},{"ancestorTitles":["capacitor evidence verifier contracts"],"duration":14,"failing":false,"failureDetails":[],"failureMessages":[],"fullName":"capacitor evidence verifier contracts fails physical evidence validation when manifest is marked as emulator","invocations":1,"location":null,"numPassingAsserts":2,"retryReasons":[],"startAt":1774245801455,"status":"passed","title":"fails physical evidence validation when manifest is marked as emulator"}],"endTime":1774245801470,"message":"","name":"E:\\Knowledge_project\\NoteConnection_app\\src\\capacitor.evidence.contract.test.ts","startTime":1774245801311,"status":"passed","summary":""},{"assertionResults":[{"ancestorTitles":["privacy manifest compliance contract"],"duration":2,"failing":false,"failureDetails":[],"failureMessages":[],"fullName":"privacy manifest compliance contract provisions PrivacyInfo.xcprivacy baseline with required API reasons","invocations":1,"location":null,"numPassingAsserts":8,"retryReasons":[],"startAt":1774245801544,"status":"passed","title":"provisions PrivacyInfo.xcprivacy baseline with required API reasons"},{"ancestorTitles":["privacy manifest compliance contract"],"duration":2,"failing":false,"failureDetails":[],"failureMessages":[],"fullName":"privacy manifest compliance contract provisions iOS Info.plist tracking usage description baseline","invocations":1,"location":null,"numPassingAsserts":3,"retryReasons":[],"startAt":1774245801546,"status":"passed","title":"provisions iOS Info.plist tracking usage description baseline"},{"ancestorTitles":["privacy manifest compliance contract"],"duration":2,"failing":false,"failureDetails":[],"failureMessages":[],"fullName":"privacy manifest compliance contract ships privacy manifest verifier and npm integration","invocations":1,"location":null,"numPassingAsserts":8,"retryReasons":[],"startAt":1774245801548,"status":"passed","title":"ships privacy manifest verifier and npm integration"}],"endTime":1774245801551,"message":"","name":"E:\\Knowledge_project\\NoteConnection_app\\src\\privacy.manifest.contract.test.ts","startTime":1774245801480,"status":"passed","summary":""},{"assertionResults":[{"ancestorTitles":["capacitor bridge serialization contract"],"duration":2,"failing":false,"failureDetails":[],"failureMessages":[],"fullName":"capacitor bridge serialization contract capacitor graph payload writes are chunked and bounded for bridge safety","invocations":1,"location":null,"numPassingAsserts":8,"retryReasons":[],"startAt":1774245801635,"status":"passed","title":"capacitor graph payload writes are chunked and bounded for bridge safety"}],"endTime":1774245801638,"message":"","name":"E:\\Knowledge_project\\NoteConnection_app\\src\\capacitor.bridge.serialization.contract.test.ts","startTime":1774245801562,"status":"passed","summary":""},{"assertionResults":[{"ancestorTitles":["runtime heap startup policy contracts"],"duration":1,"failing":false,"failureDetails":[],"failureMessages":[],"fullName":"runtime heap startup policy contracts desktop default policy keeps a bounded baseline when no hints are provided","invocations":1,"location":null,"numPassingAsserts":4,"retryReasons":[],"startAt":1774245801718,"status":"passed","title":"desktop default policy keeps a bounded baseline when no hints are provided"},{"ancestorTitles":["runtime heap startup policy contracts"],"duration":1,"failing":false,"failureDetails":[],"failureMessages":[],"fullName":"runtime heap startup policy contracts large-graph hints promote heap recommendation to support 10k+/1m+ workloads","invocations":1,"location":null,"numPassingAsserts":3,"retryReasons":[],"startAt":1774245801719,"status":"passed","title":"large-graph hints promote heap recommendation to support 10k+/1m+ workloads"},{"ancestorTitles":["runtime heap startup policy contracts"],"duration":1,"failing":false,"failureDetails":[],"failureMessages":[],"fullName":"runtime heap startup policy contracts explicit heap override is honored but clamped by hard bounds","invocations":1,"location":null,"numPassingAsserts":3,"retryReasons":[],"startAt":1774245801720,"status":"passed","title":"explicit heap override is honored but clamped by hard bounds"},{"ancestorTitles":["runtime heap startup policy contracts"],"duration":0,"failing":false,"failureDetails":[],"failureMessages":[],"fullName":"runtime heap startup policy contracts host memory budget prevents unstable oversubscription on constrained machines","invocations":1,"location":null,"numPassingAsserts":4,"retryReasons":[],"startAt":1774245801721,"status":"passed","title":"host memory budget prevents unstable oversubscription on constrained machines"},{"ancestorTitles":["runtime heap startup policy contracts"],"duration":1,"failing":false,"failureDetails":[],"failureMessages":[],"fullName":"runtime heap startup policy contracts ios runtime applies jetsam-aware ceiling when workload hints exceed mobile tolerance","invocations":1,"location":null,"numPassingAsserts":6,"retryReasons":[],"startAt":1774245801721,"status":"passed","title":"ios runtime applies jetsam-aware ceiling when workload hints exceed mobile tolerance"},{"ancestorTitles":["runtime heap startup policy contracts"],"duration":1,"failing":false,"failureDetails":[],"failureMessages":[],"fullName":"runtime heap startup policy contracts ios tight jetsam tier clamps explicit overrides to tighter ceiling","invocations":1,"location":null,"numPassingAsserts":5,"retryReasons":[],"startAt":1774245801722,"status":"passed","title":"ios tight jetsam tier clamps explicit overrides to tighter ceiling"},{"ancestorTitles":["runtime heap startup policy contracts"],"duration":1,"failing":false,"failureDetails":[],"failureMessages":[],"fullName":"runtime heap startup policy contracts NODE_OPTIONS sanitizer removes conflicting max-old-space-size flags","invocations":1,"location":null,"numPassingAsserts":1,"retryReasons":[],"startAt":1774245801723,"status":"passed","title":"NODE_OPTIONS sanitizer removes conflicting max-old-space-size flags"}],"endTime":1774245801724,"message":"","name":"E:\\Knowledge_project\\NoteConnection_app\\src\\runtime.heap.policy.contract.test.ts","startTime":1774245801652,"status":"passed","summary":""},{"assertionResults":[{"ancestorTitles":["graph accessibility semantic parity contract"],"duration":2,"failing":false,"failureDetails":[],"failureMessages":[],"fullName":"graph accessibility semantic parity contract main graph view provisions semantic shadow and live region for canvas/svg parity","invocations":1,"location":null,"numPassingAsserts":10,"retryReasons":[],"startAt":1774245801794,"status":"passed","title":"main graph view provisions semantic shadow and live region for canvas/svg parity"},{"ancestorTitles":["graph accessibility semantic parity contract"],"duration":2,"failing":false,"failureDetails":[],"failureMessages":[],"fullName":"graph accessibility semantic parity contract main graph semantic refresh is wired to renderer, filtering, and focus state transitions","invocations":1,"location":null,"numPassingAsserts":5,"retryReasons":[],"startAt":1774245801796,"status":"passed","title":"main graph semantic refresh is wired to renderer, filtering, and focus state transitions"},{"ancestorTitles":["graph accessibility semantic parity contract"],"duration":6,"failing":false,"failureDetails":[],"failureMessages":[],"fullName":"graph accessibility semantic parity contract path mode semantic region contract remains intact","invocations":1,"location":null,"numPassingAsserts":7,"retryReasons":[],"startAt":1774245801798,"status":"passed","title":"path mode semantic region contract remains intact"}],"endTime":1774245801805,"message":"","name":"E:\\Knowledge_project\\NoteConnection_app\\src\\graph.accessibility.contract.test.ts","startTime":1774245801731,"status":"passed","summary":""},{"assertionResults":[{"ancestorTitles":["sbom policy contract"],"duration":2,"failing":false,"failureDetails":[],"failureMessages":[],"fullName":"sbom policy contract exports sbom generation and verification npm scripts","invocations":1,"location":null,"numPassingAsserts":3,"retryReasons":[],"startAt":1774245801894,"status":"passed","title":"exports sbom generation and verification npm scripts"},{"ancestorTitles":["sbom policy contract"],"duration":1,"failing":false,"failureDetails":[],"failureMessages":[],"fullName":"sbom policy contract ships CycloneDX sbom generator with lockfile coverage controls","invocations":1,"location":null,"numPassingAsserts":7,"retryReasons":[],"startAt":1774245801896,"status":"passed","title":"ships CycloneDX sbom generator with lockfile coverage controls"},{"ancestorTitles":["sbom policy contract"],"duration":1,"failing":false,"failureDetails":[],"failureMessages":[],"fullName":"sbom policy contract ships sbom policy verifier with strict and contract-only modes","invocations":1,"location":null,"numPassingAsserts":7,"retryReasons":[],"startAt":1774245801897,"status":"passed","title":"ships sbom policy verifier with strict and contract-only modes"},{"ancestorTitles":["sbom policy contract"],"duration":1,"failing":false,"failureDetails":[],"failureMessages":[],"fullName":"sbom policy contract wires sbom policy contract in migration and publish workflows","invocations":1,"location":null,"numPassingAsserts":4,"retryReasons":[],"startAt":1774245801899,"status":"passed","title":"wires sbom policy contract in migration and publish workflows"}],"endTime":1774245801900,"message":"","name":"E:\\Knowledge_project\\NoteConnection_app\\src\\sbom.policy.contract.test.ts","startTime":1774245801814,"status":"passed","summary":""},{"assertionResults":[{"ancestorTitles":["sidecar signature verification contract"],"duration":1,"failing":false,"failureDetails":[],"failureMessages":[],"fullName":"sidecar signature verification contract wires verify:sidecar:signatures script into gate pipeline","invocations":1,"location":null,"numPassingAsserts":3,"retryReasons":[],"startAt":1774245801970,"status":"passed","title":"wires verify:sidecar:signatures script into gate pipeline"},{"ancestorTitles":["sidecar signature verification contract"],"duration":1,"failing":false,"failureDetails":[],"failureMessages":[],"fullName":"sidecar signature verification contract verifier supports strict signing mode and platform-specific validation hooks","invocations":1,"location":null,"numPassingAsserts":7,"retryReasons":[],"startAt":1774245801972,"status":"passed","title":"verifier supports strict signing mode and platform-specific validation hooks"}],"endTime":1774245801974,"message":"","name":"E:\\Knowledge_project\\NoteConnection_app\\src\\sidecar.signature.contract.test.ts","startTime":1774245801908,"status":"passed","summary":""},{"assertionResults":[{"ancestorTitles":["runtime request-body spool policy contract"],"duration":2,"failing":false,"failureDetails":[],"failureMessages":[],"fullName":"runtime request-body spool policy contract server defines adaptive spool threshold policy and env controls","invocations":1,"location":null,"numPassingAsserts":6,"retryReasons":[],"startAt":1774245802040,"status":"passed","title":"server defines adaptive spool threshold policy and env controls"},{"ancestorTitles":["runtime request-body spool policy contract"],"duration":2,"failing":false,"failureDetails":[],"failureMessages":[],"fullName":"runtime request-body spool policy contract clipboard ingress routes consume centralized spool threshold setting","invocations":1,"location":null,"numPassingAsserts":2,"retryReasons":[],"startAt":1774245802042,"status":"passed","title":"clipboard ingress routes consume centralized spool threshold setting"}],"endTime":1774245802045,"message":"","name":"E:\\Knowledge_project\\NoteConnection_app\\src\\runtime.spool.policy.contract.test.ts","startTime":1774245801980,"status":"passed","summary":""},{"assertionResults":[{"ancestorTitles":["pkg snapshot safety contract"],"duration":4,"failing":false,"failureDetails":[],"failureMessages":[],"fullName":"pkg snapshot safety contract critical runtime modules avoid dynamic eval/new Function fallback paths","invocations":1,"location":null,"numPassingAsserts":8,"retryReasons":[],"startAt":1774245802113,"status":"passed","title":"critical runtime modules avoid dynamic eval/new Function fallback paths"},{"ancestorTitles":["pkg snapshot safety contract"],"duration":2,"failing":false,"failureDetails":[],"failureMessages":[],"fullName":"pkg snapshot safety contract reader and source manager keep static import fallback paths for packaging","invocations":1,"location":null,"numPassingAsserts":4,"retryReasons":[],"startAt":1774245802117,"status":"passed","title":"reader and source manager keep static import fallback paths for packaging"}],"endTime":1774245802119,"message":"","name":"E:\\Knowledge_project\\NoteConnection_app\\src\\pkg.snapshot.safety.contract.test.ts","startTime":1774245802052,"status":"passed","summary":""},{"assertionResults":[{"ancestorTitles":["pkg sidecar packaging contract"],"duration":2,"failing":false,"failureDetails":[],"failureMessages":[],"fullName":"pkg sidecar packaging contract keeps pkg scripts/assets explicit for snapshot/runtime stability","invocations":1,"location":null,"numPassingAsserts":4,"retryReasons":[],"startAt":1774245802187,"status":"passed","title":"keeps pkg scripts/assets explicit for snapshot/runtime stability"},{"ancestorTitles":["pkg sidecar packaging contract"],"duration":1,"failing":false,"failureDetails":[],"failureMessages":[],"fullName":"pkg sidecar packaging contract retains hardened node22 sidecar build args and target mapping","invocations":1,"location":null,"numPassingAsserts":7,"retryReasons":[],"startAt":1774245802189,"status":"passed","title":"retains hardened node22 sidecar build args and target mapping"}],"endTime":1774245802191,"message":"","name":"E:\\Knowledge_project\\NoteConnection_app\\src\\pkg.sidecar.contract.test.ts","startTime":1774245802126,"status":"passed","summary":""},{"assertionResults":[{"ancestorTitles":["content path sandbox contract"],"duration":2,"failing":false,"failureDetails":[],"failureMessages":[],"fullName":"content path sandbox contract server content endpoint enforces canonical root jail + pkg snapshot guard","invocations":1,"location":null,"numPassingAsserts":6,"retryReasons":[],"startAt":1774245802261,"status":"passed","title":"server content endpoint enforces canonical root jail + pkg snapshot guard"},{"ancestorTitles":["content path sandbox contract"],"duration":1,"failing":false,"failureDetails":[],"failureMessages":[],"fullName":"content path sandbox contract backend controller uses path-relative sandbox checks instead of prefix matching","invocations":1,"location":null,"numPassingAsserts":4,"retryReasons":[],"startAt":1774245802264,"status":"passed","title":"backend controller uses path-relative sandbox checks instead of prefix matching"}],"endTime":1774245802266,"message":"","name":"E:\\Knowledge_project\\NoteConnection_app\\src\\content.path.sandbox.contract.test.ts","startTime":1774245802198,"status":"passed","summary":""}],"wasInterrupted":false}
